<?xml version="1.0" encoding="UTF-8" standalone="no"?>
<testsuite failures="6" name="cucumber.runtime.formatter.JUnitFormatter" skipped="0" tests="23" time="501.870151">
<testcase classname="Review feature in Retail website" name="Add New Review functionality with valid data" time="29.882783">
<system-out><![CDATA[Given User is on the website................................................passed
When User enter "Username" & "Password".....................................passed
And User click on Login button..............................................passed
And User can see the dashboard..............................................passed
When User click on Menu icon................................................passed
And User click on Catalog...................................................passed
And User click on Reviews...................................................passed
Then User can see Reviews Page..............................................passed
Given User click on Add New button in Review page...........................passed
When User enter Author"abcd" Product"Ring" Text"xyz" Rating"1" Date Added"2021-10-07 09:19:46" Status"Disabled".passed
And User click on Save button...............................................passed
Then User can see Success message...........................................passed
]]></system-out>
</testcase>
<testcase classname="Review feature in Retail website" name="Add New Review functionality with valid data 2" time="26.253907">
<system-out><![CDATA[Given User is on the website................................................passed
When User enter "Username" & "Password".....................................passed
And User click on Login button..............................................passed
And User can see the dashboard..............................................passed
When User click on Menu icon................................................passed
And User click on Catalog...................................................passed
And User click on Reviews...................................................passed
Then User can see Reviews Page..............................................passed
Given User click on Add New button in Review page...........................passed
When User enter Author"elle" Product"Engagement Ring" Text"good" Rating"4" Date Added"2021-09-01" Status"Disabled".passed
And User click on Save button...............................................passed
Then User can see Success message...........................................passed
]]></system-out>
</testcase>
<testcase classname="Review feature in Retail website" name="Add New Review functionality with invalid data" time="26.019715">
<failure message="junit.framework.AssertionFailedError&#13;&#10;&#9;at junit.framework.Assert.fail(Assert.java:55)&#13;&#10;&#9;at junit.framework.Assert.fail(Assert.java:64)&#13;&#10;&#9;at StepDefination.ReviewDefination.user_stays_on_same_page_and_can_not_save_details(ReviewDefination.java:183)&#13;&#10;&#9;at ✽.User stays on same page and can not save details(file:src/test/java/Feature/review.feature:48)&#13;&#10;"><![CDATA[Given User is on the website................................................passed
When User enter "Username" & "Password".....................................passed
And User click on Login button..............................................passed
And User can see the dashboard..............................................passed
When User click on Menu icon................................................passed
And User click on Catalog...................................................passed
And User click on Reviews...................................................passed
Then User can see Reviews Page..............................................passed
Given User click on Add New button in Review page...........................passed
When User enter Author"$%!@" Product"Iphone" Text"@@$" Rating"2" Date Added"2021-11-06" Status"Enabled".passed
And User click on Save button...............................................passed
Then User stays on same page and can not save details.......................failed

StackTrace:
junit.framework.AssertionFailedError
	at junit.framework.Assert.fail(Assert.java:55)
	at junit.framework.Assert.fail(Assert.java:64)
	at StepDefination.ReviewDefination.user_stays_on_same_page_and_can_not_save_details(ReviewDefination.java:183)
	at ✽.User stays on same page and can not save details(file:src/test/java/Feature/review.feature:48)
]]></failure>
</testcase>
<testcase classname="Review feature in Retail website" name="Add New Review functionality with invalid data 2" time="29.6971">
<system-out><![CDATA[Given User is on the website................................................passed
When User enter "Username" & "Password".....................................passed
And User click on Login button..............................................passed
And User can see the dashboard..............................................passed
When User click on Menu icon................................................passed
And User click on Catalog...................................................passed
And User click on Reviews...................................................passed
Then User can see Reviews Page..............................................passed
Given User click on Add New button in Review page...........................passed
When User enter Author"a" Product"Electronic" Text"m" Rating"3" Date Added"22-10-2021" Status"Enabled".passed
And User click on Save button...............................................passed
Then User stays on same page and can not save details.......................passed
]]></system-out>
</testcase>
<testcase classname="Review feature in Retail website" name="Add New Review functionality with invalid data 3" time="26.954416">
<failure message="junit.framework.AssertionFailedError&#13;&#10;&#9;at junit.framework.Assert.fail(Assert.java:55)&#13;&#10;&#9;at junit.framework.Assert.fail(Assert.java:64)&#13;&#10;&#9;at StepDefination.ReviewDefination.user_stays_on_same_page_and_can_not_save_details(ReviewDefination.java:183)&#13;&#10;&#9;at ✽.User stays on same page and can not save details(file:src/test/java/Feature/review.feature:48)&#13;&#10;"><![CDATA[Given User is on the website................................................passed
When User enter "Username" & "Password".....................................passed
And User click on Login button..............................................passed
And User can see the dashboard..............................................passed
When User click on Menu icon................................................passed
And User click on Catalog...................................................passed
And User click on Reviews...................................................passed
Then User can see Reviews Page..............................................passed
Given User click on Add New button in Review page...........................passed
When User enter Author"123" Product"Television" Text"564" Rating"4" Date Added"01-01-2021" Status"Disabled".passed
And User click on Save button...............................................passed
Then User stays on same page and can not save details.......................failed

StackTrace:
junit.framework.AssertionFailedError
	at junit.framework.Assert.fail(Assert.java:55)
	at junit.framework.Assert.fail(Assert.java:64)
	at StepDefination.ReviewDefination.user_stays_on_same_page_and_can_not_save_details(ReviewDefination.java:183)
	at ✽.User stays on same page and can not save details(file:src/test/java/Feature/review.feature:48)
]]></failure>
</testcase>
<testcase classname="Review feature in Retail website" name="Add New Review functionality with invalid data 4" time="27.103107">
<failure message="junit.framework.AssertionFailedError&#13;&#10;&#9;at junit.framework.Assert.fail(Assert.java:55)&#13;&#10;&#9;at junit.framework.Assert.fail(Assert.java:64)&#13;&#10;&#9;at StepDefination.ReviewDefination.user_stays_on_same_page_and_can_not_save_details(ReviewDefination.java:183)&#13;&#10;&#9;at ✽.User stays on same page and can not save details(file:src/test/java/Feature/review.feature:48)&#13;&#10;"><![CDATA[Given User is on the website................................................passed
When User enter "Username" & "Password".....................................passed
And User click on Login button..............................................passed
And User can see the dashboard..............................................passed
When User click on Menu icon................................................passed
And User click on Catalog...................................................passed
And User click on Reviews...................................................passed
Then User can see Reviews Page..............................................passed
Given User click on Add New button in Review page...........................passed
When User enter Author"we56" Product"Engagement Ring" Text"tu89" Rating"5" Date Added"08/09/2021" Status"Enabled".passed
And User click on Save button...............................................passed
Then User stays on same page and can not save details.......................failed

StackTrace:
junit.framework.AssertionFailedError
	at junit.framework.Assert.fail(Assert.java:55)
	at junit.framework.Assert.fail(Assert.java:64)
	at StepDefination.ReviewDefination.user_stays_on_same_page_and_can_not_save_details(ReviewDefination.java:183)
	at ✽.User stays on same page and can not save details(file:src/test/java/Feature/review.feature:48)
]]></failure>
</testcase>
<testcase classname="Review feature in Retail website" name="Filter functionality by valid data" time="18.254101">
<system-out><![CDATA[Given User is on the website................................................passed
When User enter "Username" & "Password".....................................passed
And User click on Login button..............................................passed
And User can see the dashboard..............................................passed
When User click on Menu icon................................................passed
And User click on Catalog...................................................passed
And User click on Reviews...................................................passed
Then User can see Reviews Page..............................................passed
Given User enter Product "Engagement Ring" Author"" Status"" Date Added"" in Filter section.passed
When User click on filter button............................................passed
Then User can see filtered result record of "Engagement Ring" Author"" Status"" Date Added Table"" in Review list table.passed
]]></system-out>
</testcase>
<testcase classname="Review feature in Retail website" name="Filter functionality by valid data 2" time="18.359766">
<system-out><![CDATA[Given User is on the website................................................passed
When User enter "Username" & "Password".....................................passed
And User click on Login button..............................................passed
And User can see the dashboard..............................................passed
When User click on Menu icon................................................passed
And User click on Catalog...................................................passed
And User click on Reviews...................................................passed
Then User can see Reviews Page..............................................passed
Given User enter Product "" Author"elle" Status"" Date Added"" in Filter section.passed
When User click on filter button............................................passed
Then User can see filtered result record of "" Author"elle" Status"" Date Added Table"" in Review list table.passed
]]></system-out>
</testcase>
<testcase classname="Review feature in Retail website" name="Filter functionality by valid data 3" time="19.047954">
<system-out><![CDATA[Given User is on the website................................................passed
When User enter "Username" & "Password".....................................passed
And User click on Login button..............................................passed
And User can see the dashboard..............................................passed
When User click on Menu icon................................................passed
And User click on Catalog...................................................passed
And User click on Reviews...................................................passed
Then User can see Reviews Page..............................................passed
Given User enter Product "" Author"" Status"Disabled" Date Added"" in Filter section.passed
When User click on filter button............................................passed
Then User can see filtered result record of "" Author"" Status"Disabled" Date Added Table"" in Review list table.passed
]]></system-out>
</testcase>
<testcase classname="Review feature in Retail website" name="Filter functionality by valid data 4" time="19.343503">
<system-out><![CDATA[Given User is on the website................................................passed
When User enter "Username" & "Password".....................................passed
And User click on Login button..............................................passed
And User can see the dashboard..............................................passed
When User click on Menu icon................................................passed
And User click on Catalog...................................................passed
And User click on Reviews...................................................passed
Then User can see Reviews Page..............................................passed
Given User enter Product "" Author"" Status"" Date Added"2021-09-01" in Filter section.passed
When User click on filter button............................................passed
Then User can see filtered result record of "" Author"" Status"" Date Added Table"01/09/2021" in Review list table.passed
]]></system-out>
</testcase>
<testcase classname="Review feature in Retail website" name="Filter functionality by valid data 5" time="19.797413">
<system-out><![CDATA[Given User is on the website................................................passed
When User enter "Username" & "Password".....................................passed
And User click on Login button..............................................passed
And User can see the dashboard..............................................passed
When User click on Menu icon................................................passed
And User click on Catalog...................................................passed
And User click on Reviews...................................................passed
Then User can see Reviews Page..............................................passed
Given User enter Product "Engagement Ring" Author"elle" Status"Disabled" Date Added"2021-09-01" in Filter section.passed
When User click on filter button............................................passed
Then User can see filtered result record of "Engagement Ring" Author"elle" Status"Disabled" Date Added Table"01/09/2021" in Review list table.passed
]]></system-out>
</testcase>
<testcase classname="Review feature in Retail website" name="Filter functionality by invalid data" time="18.108769">
<system-out><![CDATA[Given User is on the website................................................passed
When User enter "Username" & "Password".....................................passed
And User click on Login button..............................................passed
And User can see the dashboard..............................................passed
When User click on Menu icon................................................passed
And User click on Catalog...................................................passed
And User click on Reviews...................................................passed
Then User can see Reviews Page..............................................passed
Given User enter Product "Carss" Author"" Status"" Date Added"" in Filter section.passed
When User click on filter button............................................passed
Then User can see Message "No results!".....................................passed
]]></system-out>
</testcase>
<testcase classname="Review feature in Retail website" name="Filter functionality by invalid data 2" time="18.115689">
<system-out><![CDATA[Given User is on the website................................................passed
When User enter "Username" & "Password".....................................passed
And User click on Login button..............................................passed
And User can see the dashboard..............................................passed
When User click on Menu icon................................................passed
And User click on Catalog...................................................passed
And User click on Reviews...................................................passed
Then User can see Reviews Page..............................................passed
Given User enter Product "" Author"qwe" Status"" Date Added"" in Filter section.passed
When User click on filter button............................................passed
Then User can see Message "No results!".....................................passed
]]></system-out>
</testcase>
<testcase classname="Review feature in Retail website" name="Filter functionality by invalid data 3" time="18.556369">
<system-out><![CDATA[Given User is on the website................................................passed
When User enter "Username" & "Password".....................................passed
And User click on Login button..............................................passed
And User can see the dashboard..............................................passed
When User click on Menu icon................................................passed
And User click on Catalog...................................................passed
And User click on Reviews...................................................passed
Then User can see Reviews Page..............................................passed
Given User enter Product "" Author"" Status"" Date Added"2019/09/22" in Filter section.passed
When User click on filter button............................................passed
Then User can see Message "No results!".....................................passed
]]></system-out>
</testcase>
<testcase classname="Review feature in Retail website" name="Edit functionality with valid data" time="22.210442">
<system-out><![CDATA[Given User is on the website................................................passed
When User enter "Username" & "Password".....................................passed
And User click on Login button..............................................passed
And User can see the dashboard..............................................passed
When User click on Menu icon................................................passed
And User click on Catalog...................................................passed
And User click on Reviews...................................................passed
Then User can see Reviews Page..............................................passed
Given User click on Edit button in Review page..............................passed
When User clear previous data record........................................passed
And User enter new data for Author"Rose" Product"Iphone" Text"Nice product" Rating"4" Date Added"2021-11-06" Status"Enabled".passed
And User click on Save button...............................................passed
Then User can see Success message...........................................passed
]]></system-out>
</testcase>
<testcase classname="Review feature in Retail website" name="Edit functionality with invalid data" time="21.277437">
<failure message="junit.framework.AssertionFailedError&#13;&#10;&#9;at junit.framework.Assert.fail(Assert.java:55)&#13;&#10;&#9;at junit.framework.Assert.fail(Assert.java:64)&#13;&#10;&#9;at StepDefination.ReviewDefination.user_stays_on_edit_page_and_can_not_save_details(ReviewDefination.java:295)&#13;&#10;&#9;at ✽.User stays on edit page and can not save details(file:src/test/java/Feature/review.feature:101)&#13;&#10;"><![CDATA[Given User is on the website................................................passed
When User enter "Username" & "Password".....................................passed
And User click on Login button..............................................passed
And User can see the dashboard..............................................passed
When User click on Menu icon................................................passed
And User click on Catalog...................................................passed
And User click on Reviews...................................................passed
Then User can see Reviews Page..............................................passed
Given User click on Edit button in Review page..............................passed
When User clear previous data record........................................passed
And User enter new data for Author"$%!@" Product"Television" Text"@@@" Rating"1" Date Added"06/11/2021" Status"Disabled".passed
And User click on Save button...............................................passed
Then User stays on edit page and can not save details.......................failed

StackTrace:
junit.framework.AssertionFailedError
	at junit.framework.Assert.fail(Assert.java:55)
	at junit.framework.Assert.fail(Assert.java:64)
	at StepDefination.ReviewDefination.user_stays_on_edit_page_and_can_not_save_details(ReviewDefination.java:295)
	at ✽.User stays on edit page and can not save details(file:src/test/java/Feature/review.feature:101)
]]></failure>
</testcase>
<testcase classname="Review feature in Retail website" name="Edit functionality with invalid data 2" time="21.409445">
<system-out><![CDATA[Given User is on the website................................................passed
When User enter "Username" & "Password".....................................passed
And User click on Login button..............................................passed
And User can see the dashboard..............................................passed
When User click on Menu icon................................................passed
And User click on Catalog...................................................passed
And User click on Reviews...................................................passed
Then User can see Reviews Page..............................................passed
Given User click on Edit button in Review page..............................passed
When User clear previous data record........................................passed
And User enter new data for Author"a" Product"Electronic" Text"m" Rating"3" Date Added"22-10-2021" Status"Enabled".passed
And User click on Save button...............................................passed
Then User stays on edit page and can not save details.......................passed
]]></system-out>
</testcase>
<testcase classname="Review feature in Retail website" name="Edit functionality with invalid data 3" time="22.565014">
<failure message="junit.framework.AssertionFailedError&#13;&#10;&#9;at junit.framework.Assert.fail(Assert.java:55)&#13;&#10;&#9;at junit.framework.Assert.fail(Assert.java:64)&#13;&#10;&#9;at StepDefination.ReviewDefination.user_stays_on_edit_page_and_can_not_save_details(ReviewDefination.java:295)&#13;&#10;&#9;at ✽.User stays on edit page and can not save details(file:src/test/java/Feature/review.feature:101)&#13;&#10;"><![CDATA[Given User is on the website................................................passed
When User enter "Username" & "Password".....................................passed
And User click on Login button..............................................passed
And User can see the dashboard..............................................passed
When User click on Menu icon................................................passed
And User click on Catalog...................................................passed
And User click on Reviews...................................................passed
Then User can see Reviews Page..............................................passed
Given User click on Edit button in Review page..............................passed
When User clear previous data record........................................passed
And User enter new data for Author"8797" Product"Television" Text"564" Rating"4" Date Added"01-01-2021" Status"Disabled".passed
And User click on Save button...............................................passed
Then User stays on edit page and can not save details.......................failed

StackTrace:
junit.framework.AssertionFailedError
	at junit.framework.Assert.fail(Assert.java:55)
	at junit.framework.Assert.fail(Assert.java:64)
	at StepDefination.ReviewDefination.user_stays_on_edit_page_and_can_not_save_details(ReviewDefination.java:295)
	at ✽.User stays on edit page and can not save details(file:src/test/java/Feature/review.feature:101)
]]></failure>
</testcase>
<testcase classname="Review feature in Retail website" name="Edit functionality with invalid data 4" time="22.048805">
<failure message="junit.framework.AssertionFailedError&#13;&#10;&#9;at junit.framework.Assert.fail(Assert.java:55)&#13;&#10;&#9;at junit.framework.Assert.fail(Assert.java:64)&#13;&#10;&#9;at StepDefination.ReviewDefination.user_stays_on_edit_page_and_can_not_save_details(ReviewDefination.java:295)&#13;&#10;&#9;at ✽.User stays on edit page and can not save details(file:src/test/java/Feature/review.feature:101)&#13;&#10;"><![CDATA[Given User is on the website................................................passed
When User enter "Username" & "Password".....................................passed
And User click on Login button..............................................passed
And User can see the dashboard..............................................passed
When User click on Menu icon................................................passed
And User click on Catalog...................................................passed
And User click on Reviews...................................................passed
Then User can see Reviews Page..............................................passed
Given User click on Edit button in Review page..............................passed
When User clear previous data record........................................passed
And User enter new data for Author"wuyuq56" Product"Engagement Ring" Text"tu89" Rating"5" Date Added"08/09/2021" Status"Enabled".passed
And User click on Save button...............................................passed
Then User stays on edit page and can not save details.......................failed

StackTrace:
junit.framework.AssertionFailedError
	at junit.framework.Assert.fail(Assert.java:55)
	at junit.framework.Assert.fail(Assert.java:64)
	at StepDefination.ReviewDefination.user_stays_on_edit_page_and_can_not_save_details(ReviewDefination.java:295)
	at ✽.User stays on edit page and can not save details(file:src/test/java/Feature/review.feature:101)
]]></failure>
</testcase>
<testcase classname="Review feature in Retail website" name="Delete functionality" time="17.122063">
<system-out><![CDATA[Given User is on the website................................................passed
When User enter "Username" & "Password".....................................passed
And User click on Login button..............................................passed
And User can see the dashboard..............................................passed
When User click on Menu icon................................................passed
And User click on Catalog...................................................passed
And User click on Reviews...................................................passed
Then User can see Reviews Page..............................................passed
Given User click on checkbox of a review in Review page.....................passed
When User click on Delete button............................................passed
And User click on Ok in alert box...........................................passed
Then User can see Success message...........................................passed
]]></system-out>
</testcase>
<testcase classname="Review feature in Retail website" name="Order functionality" time="21.708429">
<system-out><![CDATA[Given User is on the website................................................passed
When User enter "Username" & "Password".....................................passed
And User click on Login button..............................................passed
And User can see the dashboard..............................................passed
When User click on Menu icon................................................passed
And User click on Catalog...................................................passed
And User click on Reviews...................................................passed
Then User can see Reviews Page..............................................passed
Given User can see Review list table........................................passed
When User click on Author table header in Review page.......................passed
And User can see ordered Author"$%!@" column................................passed
When User click on Product table header in Review page......................passed
And User can see ordered Product"Television" column.........................passed
When User click on Rating table header in Review page.......................passed
And User can see ordered Rating"1" column...................................passed
When User click on Date Added table header in Review page...................passed
And User can see ordered Date Added"06/11/2021" column......................passed
When User click on Status table header in Review page.......................passed
Then User can see ordered Status"Disabled" column...........................passed
]]></system-out>
</testcase>
<testcase classname="Review feature in Retail website" name="Pagination functionality" time="18.889039">
<system-out><![CDATA[Given User is on the website................................................passed
When User enter "Username" & "Password".....................................passed
And User click on Login button..............................................passed
And User can see the dashboard..............................................passed
When User click on Menu icon................................................passed
And User click on Catalog...................................................passed
And User click on Reviews...................................................passed
Then User can see Reviews Page..............................................passed
Given User is on the first page "Showing 1 to 25" of Review list............passed
When User click on button for second page...................................passed
And User can see second page "Showing 26 to 50" of Review list..............passed
When User click on button for third page....................................passed
Then User can see third page "Showing 51 to" of Review list.................passed
]]></system-out>
</testcase>
<testcase classname="Review feature in Retail website" name="Cancel functionality" time="19.144885">
<system-out><![CDATA[Given User is on the website................................................passed
When User enter "Username" & "Password".....................................passed
And User click on Login button..............................................passed
And User can see the dashboard..............................................passed
When User click on Menu icon................................................passed
And User click on Catalog...................................................passed
And User click on Reviews...................................................passed
Then User can see Reviews Page..............................................passed
Given User is on the Review list page.......................................passed
When User click on Add New button in Review page............................passed
And User can see Add New Review page........................................passed
When User click on Cancel button............................................passed
And User is on the Review list page.........................................passed
When User click on Edit button in Review page...............................passed
And Use can see edit review page............................................passed
When User click on Cancel button............................................passed
Then User can see the Review list page again................................passed
]]></system-out>
</testcase>
</testsuite>
